{"uid":"35313ae84b04ce","name":"Subtask description is required","fullName":"Manage subtasks: Subtask description is required","historyId":"a432a75660657bf3794bc17e3ea882c7","time":{"start":1674801413145,"stop":1674801431336,"duration":18191},"status":"failed","statusMessage":"AssertionError: Test Failed! Should not have saved an empty subtask\n","statusTrace":"  File \"/Users/sudippudasaini/Apps/behaveAvenueCode/venv/lib/python3.11/site-packages/behave/model.py\", line 1329, in run\n    match.run(runner.context)\n  File \"/Users/sudippudasaini/Apps/behaveAvenueCode/venv/lib/python3.11/site-packages/behave/matchers.py\", line 98, in run\n    self.func(context, *args, **kwargs)\n  File \"features/steps/subtasks.py\", line 76, in verify_empty_subtask\n    assert False, \"Test Failed! Should not have saved an empty subtask\"\n","flaky":false,"newFailed":false,"newBroken":false,"newPassed":false,"retriesCount":0,"retriesStatusChange":false,"beforeStages":[],"testStage":{"status":"failed","statusMessage":"AssertionError: Test Failed! Should not have saved an empty subtask\n","statusTrace":"  File \"/Users/sudippudasaini/Apps/behaveAvenueCode/venv/lib/python3.11/site-packages/behave/model.py\", line 1329, in run\n    match.run(runner.context)\n  File \"/Users/sudippudasaini/Apps/behaveAvenueCode/venv/lib/python3.11/site-packages/behave/matchers.py\", line 98, in run\n    self.func(context, *args, **kwargs)\n  File \"features/steps/subtasks.py\", line 76, in verify_empty_subtask\n    assert False, \"Test Failed! Should not have saved an empty subtask\"\n","steps":[{"name":"Given I am logged in with \"sudip_pudasaini@hotmail.com\" and password \"assessmentqa\"","time":{"start":1674801422334,"stop":1674801425738,"duration":3404},"status":"passed","steps":[],"attachments":[],"parameters":[],"stepsCount":0,"attachmentsCount":0,"shouldDisplayMessage":false,"hasContent":false},{"name":"And I land on my tasks page","time":{"start":1674801425738,"stop":1674801425756,"duration":18},"status":"passed","steps":[],"attachments":[],"parameters":[],"stepsCount":0,"attachmentsCount":0,"shouldDisplayMessage":false,"hasContent":false},{"name":"When a task is added","time":{"start":1674801425756,"stop":1674801425778,"duration":22},"status":"passed","steps":[],"attachments":[],"parameters":[],"stepsCount":0,"attachmentsCount":0,"shouldDisplayMessage":false,"hasContent":false},{"name":"When I click on manage subtasks button","time":{"start":1674801425778,"stop":1674801431050,"duration":5272},"status":"passed","steps":[],"attachments":[],"parameters":[],"stepsCount":0,"attachmentsCount":0,"shouldDisplayMessage":false,"hasContent":false},{"name":"And I click on add subtask button","time":{"start":1674801431051,"stop":1674801431147,"duration":96},"status":"passed","steps":[],"attachments":[],"parameters":[],"stepsCount":0,"attachmentsCount":0,"shouldDisplayMessage":false,"hasContent":false},{"name":"Then I should not see an empty subtask getting added","time":{"start":1674801431148,"stop":1674801431180,"duration":32},"status":"failed","statusMessage":"AssertionError: Test Failed! Should not have saved an empty subtask\n","statusTrace":"  File \"/Users/sudippudasaini/Apps/behaveAvenueCode/venv/lib/python3.11/site-packages/behave/model.py\", line 1329, in run\n    match.run(runner.context)\n  File \"/Users/sudippudasaini/Apps/behaveAvenueCode/venv/lib/python3.11/site-packages/behave/matchers.py\", line 98, in run\n    self.func(context, *args, **kwargs)\n  File \"features/steps/subtasks.py\", line 76, in verify_empty_subtask\n    assert False, \"Test Failed! Should not have saved an empty subtask\"\n","steps":[],"attachments":[],"parameters":[],"stepsCount":0,"attachmentsCount":0,"shouldDisplayMessage":true,"hasContent":true}],"attachments":[],"parameters":[],"stepsCount":6,"attachmentsCount":0,"shouldDisplayMessage":false,"hasContent":true},"afterStages":[],"labels":[{"name":"severity","value":"normal"},{"name":"feature","value":"Manage subtasks"},{"name":"framework","value":"behave"},{"name":"language","value":"cpython3"},{"name":"resultFormat","value":"allure2"}],"parameters":[],"links":[],"hidden":false,"retry":false,"extra":{"severity":"normal","retries":[],"categories":[{"name":"Product defects","matchedStatuses":[],"flaky":false}],"tags":[]},"source":"35313ae84b04ce.json","parameterValues":[]}