{"uid":"68376e094081605b","name":"Check the title","fullName":"Create tasks: Check the title","historyId":"e2c3a785fd569421db3e11cedc32846b","time":{"start":1674801226205,"stop":1674801239269,"duration":13064},"status":"failed","statusMessage":"AssertionError: Test Failed! Title did not match with the given copy\n","statusTrace":"  File \"/Users/sudippudasaini/Apps/behaveAvenueCode/venv/lib/python3.11/site-packages/behave/model.py\", line 1329, in run\n    match.run(runner.context)\n  File \"/Users/sudippudasaini/Apps/behaveAvenueCode/venv/lib/python3.11/site-packages/behave/matchers.py\", line 98, in run\n    self.func(context, *args, **kwargs)\n  File \"features/steps/mytasks.py\", line 30, in verify_title\n    assert False, \"Test Failed! Title did not match with the given copy\"\n","flaky":false,"newFailed":false,"newBroken":false,"newPassed":false,"retriesCount":0,"retriesStatusChange":false,"beforeStages":[],"testStage":{"status":"failed","statusMessage":"AssertionError: Test Failed! Title did not match with the given copy\n","statusTrace":"  File \"/Users/sudippudasaini/Apps/behaveAvenueCode/venv/lib/python3.11/site-packages/behave/model.py\", line 1329, in run\n    match.run(runner.context)\n  File \"/Users/sudippudasaini/Apps/behaveAvenueCode/venv/lib/python3.11/site-packages/behave/matchers.py\", line 98, in run\n    self.func(context, *args, **kwargs)\n  File \"features/steps/mytasks.py\", line 30, in verify_title\n    assert False, \"Test Failed! Title did not match with the given copy\"\n","steps":[{"name":"Given I am logged in with \"sudip_pudasaini@hotmail.com\" and password \"assessmentqa\"","time":{"start":1674801235766,"stop":1674801239037,"duration":3271},"status":"passed","steps":[],"attachments":[],"parameters":[],"stepsCount":0,"attachmentsCount":0,"shouldDisplayMessage":false,"hasContent":false},{"name":"And I land on my tasks page","time":{"start":1674801239037,"stop":1674801239055,"duration":18},"status":"passed","steps":[],"attachments":[],"parameters":[],"stepsCount":0,"attachmentsCount":0,"shouldDisplayMessage":false,"hasContent":false},{"name":"And tasks input field is displayed","time":{"start":1674801239055,"stop":1674801239067,"duration":12},"status":"passed","steps":[],"attachments":[],"parameters":[],"stepsCount":0,"attachmentsCount":0,"shouldDisplayMessage":false,"hasContent":false},{"name":"And create a task button is displayed","time":{"start":1674801239067,"stop":1674801239081,"duration":14},"status":"passed","steps":[],"attachments":[],"parameters":[],"stepsCount":0,"attachmentsCount":0,"shouldDisplayMessage":false,"hasContent":false},{"name":"Then title of the task page should be \"Hey Sudip, this is your todo list for today:\"","time":{"start":1674801239081,"stop":1674801239108,"duration":27},"status":"failed","statusMessage":"AssertionError: Test Failed! Title did not match with the given copy\n","statusTrace":"  File \"/Users/sudippudasaini/Apps/behaveAvenueCode/venv/lib/python3.11/site-packages/behave/model.py\", line 1329, in run\n    match.run(runner.context)\n  File \"/Users/sudippudasaini/Apps/behaveAvenueCode/venv/lib/python3.11/site-packages/behave/matchers.py\", line 98, in run\n    self.func(context, *args, **kwargs)\n  File \"features/steps/mytasks.py\", line 30, in verify_title\n    assert False, \"Test Failed! Title did not match with the given copy\"\n","steps":[],"attachments":[],"parameters":[],"stepsCount":0,"attachmentsCount":0,"shouldDisplayMessage":true,"hasContent":true}],"attachments":[],"parameters":[],"stepsCount":5,"attachmentsCount":0,"shouldDisplayMessage":false,"hasContent":true},"afterStages":[],"labels":[{"name":"severity","value":"normal"},{"name":"feature","value":"Create tasks"},{"name":"framework","value":"behave"},{"name":"language","value":"cpython3"},{"name":"resultFormat","value":"allure2"}],"parameters":[],"links":[],"hidden":false,"retry":false,"extra":{"severity":"normal","retries":[],"categories":[{"name":"Product defects","matchedStatuses":[],"flaky":false}],"tags":[]},"source":"68376e094081605b.json","parameterValues":[]}