{"uid":"9c209b68cec3bf9c","name":"Due date accepts only date value on MM/dd/yyy -- @1.2 ","fullName":"Manage subtasks: Due date accepts only date value on MM/dd/yyy","historyId":"c245e916ad03a43d4f423e8d951f5127","time":{"start":1674801468469,"stop":1674801487727,"duration":19258},"status":"failed","statusMessage":"AssertionError: Test Failed! Should not have saved an empty subtask\n","statusTrace":"  File \"/Users/sudippudasaini/Apps/behaveAvenueCode/venv/lib/python3.11/site-packages/behave/model.py\", line 1329, in run\n    match.run(runner.context)\n  File \"/Users/sudippudasaini/Apps/behaveAvenueCode/venv/lib/python3.11/site-packages/behave/matchers.py\", line 98, in run\n    self.func(context, *args, **kwargs)\n  File \"features/steps/subtasks.py\", line 76, in verify_empty_subtask\n    assert False, \"Test Failed! Should not have saved an empty subtask\"\n","flaky":false,"newFailed":false,"newBroken":false,"newPassed":false,"retriesCount":0,"retriesStatusChange":false,"beforeStages":[],"testStage":{"status":"failed","statusMessage":"AssertionError: Test Failed! Should not have saved an empty subtask\n","statusTrace":"  File \"/Users/sudippudasaini/Apps/behaveAvenueCode/venv/lib/python3.11/site-packages/behave/model.py\", line 1329, in run\n    match.run(runner.context)\n  File \"/Users/sudippudasaini/Apps/behaveAvenueCode/venv/lib/python3.11/site-packages/behave/matchers.py\", line 98, in run\n    self.func(context, *args, **kwargs)\n  File \"features/steps/subtasks.py\", line 76, in verify_empty_subtask\n    assert False, \"Test Failed! Should not have saved an empty subtask\"\n","steps":[{"name":"Given I am logged in with \"sudip_pudasaini@hotmail.com\" and password \"assessmentqa\"","time":{"start":1674801478448,"stop":1674801481952,"duration":3504},"status":"passed","steps":[],"attachments":[],"parameters":[],"stepsCount":0,"attachmentsCount":0,"shouldDisplayMessage":false,"hasContent":false},{"name":"And I land on my tasks page","time":{"start":1674801481952,"stop":1674801481970,"duration":18},"status":"passed","steps":[],"attachments":[],"parameters":[],"stepsCount":0,"attachmentsCount":0,"shouldDisplayMessage":false,"hasContent":false},{"name":"When a task is added","time":{"start":1674801481970,"stop":1674801481992,"duration":22},"status":"passed","steps":[],"attachments":[],"parameters":[],"stepsCount":0,"attachmentsCount":0,"shouldDisplayMessage":false,"hasContent":false},{"name":"When I click on manage subtasks button","time":{"start":1674801481992,"stop":1674801487272,"duration":5280},"status":"passed","steps":[],"attachments":[],"parameters":[],"stepsCount":0,"attachmentsCount":0,"shouldDisplayMessage":false,"hasContent":false},{"name":"And I wipe out the default date value","time":{"start":1674801487273,"stop":1674801487348,"duration":75},"status":"passed","steps":[],"attachments":[],"parameters":[],"stepsCount":0,"attachmentsCount":0,"shouldDisplayMessage":false,"hasContent":false},{"name":"And enter \"@#$!@#!@#!@#\" on due date field","time":{"start":1674801487348,"stop":1674801487416,"duration":68},"status":"passed","steps":[],"attachments":[],"parameters":[],"stepsCount":0,"attachmentsCount":0,"shouldDisplayMessage":false,"hasContent":false},{"name":"And I click on add subtask button","time":{"start":1674801487416,"stop":1674801487501,"duration":85},"status":"passed","steps":[],"attachments":[],"parameters":[],"stepsCount":0,"attachmentsCount":0,"shouldDisplayMessage":false,"hasContent":false},{"name":"Then I should not see an empty subtask getting added","time":{"start":1674801487501,"stop":1674801487564,"duration":63},"status":"failed","statusMessage":"AssertionError: Test Failed! Should not have saved an empty subtask\n","statusTrace":"  File \"/Users/sudippudasaini/Apps/behaveAvenueCode/venv/lib/python3.11/site-packages/behave/model.py\", line 1329, in run\n    match.run(runner.context)\n  File \"/Users/sudippudasaini/Apps/behaveAvenueCode/venv/lib/python3.11/site-packages/behave/matchers.py\", line 98, in run\n    self.func(context, *args, **kwargs)\n  File \"features/steps/subtasks.py\", line 76, in verify_empty_subtask\n    assert False, \"Test Failed! Should not have saved an empty subtask\"\n","steps":[],"attachments":[],"parameters":[],"stepsCount":0,"attachmentsCount":0,"shouldDisplayMessage":true,"hasContent":true}],"attachments":[],"parameters":[],"stepsCount":8,"attachmentsCount":0,"shouldDisplayMessage":false,"hasContent":true},"afterStages":[],"labels":[{"name":"severity","value":"normal"},{"name":"feature","value":"Manage subtasks"},{"name":"framework","value":"behave"},{"name":"language","value":"cpython3"},{"name":"resultFormat","value":"allure2"}],"parameters":[{"name":"value","value":"@#$!@#!@#!@#"}],"links":[],"hidden":false,"retry":false,"extra":{"severity":"normal","retries":[],"categories":[{"name":"Product defects","matchedStatuses":[],"flaky":false}],"tags":[]},"source":"9c209b68cec3bf9c.json","parameterValues":["@#$!@#!@#!@#"]}