{"uid":"a91f04034b5d0f7d","name":"Task must have minimum 3 characters","fullName":"Create tasks: Task must have minimum 3 characters","historyId":"699f06b07ec7fb1c9412e1306af56919","time":{"start":1674764578280,"stop":1674764594490,"duration":16210},"status":"failed","statusMessage":"AssertionError: Test Failed! Minimum 3 characters required to add task!\n","statusTrace":"  File \"/Users/sudippudasaini/Apps/behaveAvenueCode/venv/lib/python3.11/site-packages/behave/model.py\", line 1329, in run\n    match.run(runner.context)\n  File \"/Users/sudippudasaini/Apps/behaveAvenueCode/venv/lib/python3.11/site-packages/behave/matchers.py\", line 98, in run\n    self.func(context, *args, **kwargs)\n  File \"features/steps/mytasks.py\", line 103, in verify_task_added\n    assert False, \"Test Failed! Minimum 3 characters required to add task!\"\n","flaky":false,"newFailed":false,"newBroken":false,"newPassed":false,"retriesCount":0,"retriesStatusChange":false,"beforeStages":[],"testStage":{"status":"failed","statusMessage":"AssertionError: Test Failed! Minimum 3 characters required to add task!\n","statusTrace":"  File \"/Users/sudippudasaini/Apps/behaveAvenueCode/venv/lib/python3.11/site-packages/behave/model.py\", line 1329, in run\n    match.run(runner.context)\n  File \"/Users/sudippudasaini/Apps/behaveAvenueCode/venv/lib/python3.11/site-packages/behave/matchers.py\", line 98, in run\n    self.func(context, *args, **kwargs)\n  File \"features/steps/mytasks.py\", line 103, in verify_task_added\n    assert False, \"Test Failed! Minimum 3 characters required to add task!\"\n","steps":[{"name":"Given I am logged in with \"sudip_pudasaini@hotmail.com\" and password \"assessmentqa\"","time":{"start":1674764588241,"stop":1674764592380,"duration":4139},"status":"passed","steps":[],"attachments":[],"parameters":[],"hasContent":false,"stepsCount":0,"attachmentsCount":0,"shouldDisplayMessage":false},{"name":"And I land on my tasks page","time":{"start":1674764592380,"stop":1674764592465,"duration":85},"status":"passed","steps":[],"attachments":[],"parameters":[],"hasContent":false,"stepsCount":0,"attachmentsCount":0,"shouldDisplayMessage":false},{"name":"And tasks input field is displayed","time":{"start":1674764592465,"stop":1674764592495,"duration":30},"status":"passed","steps":[],"attachments":[],"parameters":[],"hasContent":false,"stepsCount":0,"attachmentsCount":0,"shouldDisplayMessage":false},{"name":"And create a task button is displayed","time":{"start":1674764592496,"stop":1674764592596,"duration":100},"status":"passed","steps":[],"attachments":[],"parameters":[],"hasContent":false,"stepsCount":0,"attachmentsCount":0,"shouldDisplayMessage":false},{"name":"When I type \"a\" in tasks input field","time":{"start":1674764592596,"stop":1674764593057,"duration":461},"status":"passed","steps":[],"attachments":[],"parameters":[],"hasContent":false,"stepsCount":0,"attachmentsCount":0,"shouldDisplayMessage":false},{"name":"And click on the add button","time":{"start":1674764593058,"stop":1674764594218,"duration":1160},"status":"passed","steps":[],"attachments":[],"parameters":[],"hasContent":false,"stepsCount":0,"attachmentsCount":0,"shouldDisplayMessage":false},{"name":"Then I should not see the task getting added with less than 3 characters","time":{"start":1674764594218,"stop":1674764594355,"duration":137},"status":"failed","statusMessage":"AssertionError: Test Failed! Minimum 3 characters required to add task!\n","statusTrace":"  File \"/Users/sudippudasaini/Apps/behaveAvenueCode/venv/lib/python3.11/site-packages/behave/model.py\", line 1329, in run\n    match.run(runner.context)\n  File \"/Users/sudippudasaini/Apps/behaveAvenueCode/venv/lib/python3.11/site-packages/behave/matchers.py\", line 98, in run\n    self.func(context, *args, **kwargs)\n  File \"features/steps/mytasks.py\", line 103, in verify_task_added\n    assert False, \"Test Failed! Minimum 3 characters required to add task!\"\n","steps":[],"attachments":[],"parameters":[],"hasContent":true,"stepsCount":0,"attachmentsCount":0,"shouldDisplayMessage":true}],"attachments":[],"parameters":[],"hasContent":true,"stepsCount":7,"attachmentsCount":0,"shouldDisplayMessage":false},"afterStages":[],"labels":[{"name":"severity","value":"normal"},{"name":"feature","value":"Create tasks"},{"name":"framework","value":"behave"},{"name":"language","value":"cpython3"},{"name":"resultFormat","value":"allure2"}],"parameters":[],"links":[],"hidden":false,"retry":false,"extra":{"severity":"normal","retries":[],"categories":[{"name":"Product defects","matchedStatuses":[],"flaky":false}],"tags":[]},"source":"a91f04034b5d0f7d.json","parameterValues":[]}