{"uid":"f31e98f24ddc0a58","name":"Task must have minimum 3 characters","fullName":"Create tasks: Task must have minimum 3 characters","historyId":"699f06b07ec7fb1c9412e1306af56919","time":{"start":1674801348728,"stop":1674801361837,"duration":13109},"status":"failed","statusMessage":"AssertionError: Test Failed! Minimum 3 characters required to add task!\n","statusTrace":"  File \"/Users/sudippudasaini/Apps/behaveAvenueCode/venv/lib/python3.11/site-packages/behave/model.py\", line 1329, in run\n    match.run(runner.context)\n  File \"/Users/sudippudasaini/Apps/behaveAvenueCode/venv/lib/python3.11/site-packages/behave/matchers.py\", line 98, in run\n    self.func(context, *args, **kwargs)\n  File \"features/steps/mytasks.py\", line 103, in verify_task_added\n    assert False, \"Test Failed! Minimum 3 characters required to add task!\"\n","flaky":false,"newFailed":false,"newBroken":false,"newPassed":false,"retriesCount":0,"retriesStatusChange":false,"beforeStages":[],"testStage":{"status":"failed","statusMessage":"AssertionError: Test Failed! Minimum 3 characters required to add task!\n","statusTrace":"  File \"/Users/sudippudasaini/Apps/behaveAvenueCode/venv/lib/python3.11/site-packages/behave/model.py\", line 1329, in run\n    match.run(runner.context)\n  File \"/Users/sudippudasaini/Apps/behaveAvenueCode/venv/lib/python3.11/site-packages/behave/matchers.py\", line 98, in run\n    self.func(context, *args, **kwargs)\n  File \"features/steps/mytasks.py\", line 103, in verify_task_added\n    assert False, \"Test Failed! Minimum 3 characters required to add task!\"\n","steps":[{"name":"Given I am logged in with \"sudip_pudasaini@hotmail.com\" and password \"assessmentqa\"","time":{"start":1674801358061,"stop":1674801361400,"duration":3339},"status":"passed","steps":[],"attachments":[],"parameters":[],"stepsCount":0,"attachmentsCount":0,"shouldDisplayMessage":false,"hasContent":false},{"name":"And I land on my tasks page","time":{"start":1674801361400,"stop":1674801361418,"duration":18},"status":"passed","steps":[],"attachments":[],"parameters":[],"stepsCount":0,"attachmentsCount":0,"shouldDisplayMessage":false,"hasContent":false},{"name":"And tasks input field is displayed","time":{"start":1674801361418,"stop":1674801361430,"duration":12},"status":"passed","steps":[],"attachments":[],"parameters":[],"stepsCount":0,"attachmentsCount":0,"shouldDisplayMessage":false,"hasContent":false},{"name":"And create a task button is displayed","time":{"start":1674801361431,"stop":1674801361445,"duration":14},"status":"passed","steps":[],"attachments":[],"parameters":[],"stepsCount":0,"attachmentsCount":0,"shouldDisplayMessage":false,"hasContent":false},{"name":"When I type \"a\" in tasks input field","time":{"start":1674801361445,"stop":1674801361543,"duration":98},"status":"passed","steps":[],"attachments":[],"parameters":[],"stepsCount":0,"attachmentsCount":0,"shouldDisplayMessage":false,"hasContent":false},{"name":"And click on the add button","time":{"start":1674801361543,"stop":1674801361673,"duration":130},"status":"passed","steps":[],"attachments":[],"parameters":[],"stepsCount":0,"attachmentsCount":0,"shouldDisplayMessage":false,"hasContent":false},{"name":"Then I should not see the task getting added with less than 3 characters","time":{"start":1674801361673,"stop":1674801361706,"duration":33},"status":"failed","statusMessage":"AssertionError: Test Failed! Minimum 3 characters required to add task!\n","statusTrace":"  File \"/Users/sudippudasaini/Apps/behaveAvenueCode/venv/lib/python3.11/site-packages/behave/model.py\", line 1329, in run\n    match.run(runner.context)\n  File \"/Users/sudippudasaini/Apps/behaveAvenueCode/venv/lib/python3.11/site-packages/behave/matchers.py\", line 98, in run\n    self.func(context, *args, **kwargs)\n  File \"features/steps/mytasks.py\", line 103, in verify_task_added\n    assert False, \"Test Failed! Minimum 3 characters required to add task!\"\n","steps":[],"attachments":[],"parameters":[],"stepsCount":0,"attachmentsCount":0,"shouldDisplayMessage":true,"hasContent":true}],"attachments":[],"parameters":[],"stepsCount":7,"attachmentsCount":0,"shouldDisplayMessage":false,"hasContent":true},"afterStages":[],"labels":[{"name":"severity","value":"normal"},{"name":"feature","value":"Create tasks"},{"name":"framework","value":"behave"},{"name":"language","value":"cpython3"},{"name":"resultFormat","value":"allure2"}],"parameters":[],"links":[],"hidden":false,"retry":false,"extra":{"severity":"normal","retries":[],"categories":[{"name":"Product defects","matchedStatuses":[],"flaky":false}],"tags":[]},"source":"f31e98f24ddc0a58.json","parameterValues":[]}