{"uid":"f7e0d72f1573388c","name":"Check the title","fullName":"Create tasks: Check the title","historyId":"e2c3a785fd569421db3e11cedc32846b","time":{"start":1674764444919,"stop":1674764458782,"duration":13863},"status":"failed","statusMessage":"AssertionError: Test Failed! Title did not match with the given copy\n","statusTrace":"  File \"/Users/sudippudasaini/Apps/behaveAvenueCode/venv/lib/python3.11/site-packages/behave/model.py\", line 1329, in run\n    match.run(runner.context)\n  File \"/Users/sudippudasaini/Apps/behaveAvenueCode/venv/lib/python3.11/site-packages/behave/matchers.py\", line 98, in run\n    self.func(context, *args, **kwargs)\n  File \"features/steps/mytasks.py\", line 30, in verify_title\n    assert False, \"Test Failed! Title did not match with the given copy\"\n","flaky":false,"newFailed":false,"newBroken":false,"newPassed":false,"retriesCount":0,"retriesStatusChange":false,"beforeStages":[],"testStage":{"status":"failed","statusMessage":"AssertionError: Test Failed! Title did not match with the given copy\n","statusTrace":"  File \"/Users/sudippudasaini/Apps/behaveAvenueCode/venv/lib/python3.11/site-packages/behave/model.py\", line 1329, in run\n    match.run(runner.context)\n  File \"/Users/sudippudasaini/Apps/behaveAvenueCode/venv/lib/python3.11/site-packages/behave/matchers.py\", line 98, in run\n    self.func(context, *args, **kwargs)\n  File \"features/steps/mytasks.py\", line 30, in verify_title\n    assert False, \"Test Failed! Title did not match with the given copy\"\n","steps":[{"name":"Given I am logged in with \"sudip_pudasaini@hotmail.com\" and password \"assessmentqa\"","time":{"start":1674764454046,"stop":1674764458369,"duration":4323},"status":"passed","steps":[],"attachments":[],"parameters":[],"hasContent":false,"stepsCount":0,"attachmentsCount":0,"shouldDisplayMessage":false},{"name":"And I land on my tasks page","time":{"start":1674764458369,"stop":1674764458436,"duration":67},"status":"passed","steps":[],"attachments":[],"parameters":[],"hasContent":false,"stepsCount":0,"attachmentsCount":0,"shouldDisplayMessage":false},{"name":"And tasks input field is displayed","time":{"start":1674764458436,"stop":1674764458479,"duration":43},"status":"passed","steps":[],"attachments":[],"parameters":[],"hasContent":false,"stepsCount":0,"attachmentsCount":0,"shouldDisplayMessage":false},{"name":"And create a task button is displayed","time":{"start":1674764458479,"stop":1674764458527,"duration":48},"status":"passed","steps":[],"attachments":[],"parameters":[],"hasContent":false,"stepsCount":0,"attachmentsCount":0,"shouldDisplayMessage":false},{"name":"Then title of the task page should be \"Hey Sudip, this is your todo list for today:\"","time":{"start":1674764458527,"stop":1674764458646,"duration":119},"status":"failed","statusMessage":"AssertionError: Test Failed! Title did not match with the given copy\n","statusTrace":"  File \"/Users/sudippudasaini/Apps/behaveAvenueCode/venv/lib/python3.11/site-packages/behave/model.py\", line 1329, in run\n    match.run(runner.context)\n  File \"/Users/sudippudasaini/Apps/behaveAvenueCode/venv/lib/python3.11/site-packages/behave/matchers.py\", line 98, in run\n    self.func(context, *args, **kwargs)\n  File \"features/steps/mytasks.py\", line 30, in verify_title\n    assert False, \"Test Failed! Title did not match with the given copy\"\n","steps":[],"attachments":[],"parameters":[],"hasContent":true,"stepsCount":0,"attachmentsCount":0,"shouldDisplayMessage":true}],"attachments":[],"parameters":[],"hasContent":true,"stepsCount":5,"attachmentsCount":0,"shouldDisplayMessage":false},"afterStages":[],"labels":[{"name":"severity","value":"normal"},{"name":"feature","value":"Create tasks"},{"name":"framework","value":"behave"},{"name":"language","value":"cpython3"},{"name":"resultFormat","value":"allure2"}],"parameters":[],"links":[],"hidden":false,"retry":false,"extra":{"severity":"normal","retries":[],"categories":[{"name":"Product defects","matchedStatuses":[],"flaky":false}],"tags":[]},"source":"f7e0d72f1573388c.json","parameterValues":[]}