{"name": "Due date accepts only date value on MM/dd/yyy -- @1.2 ", "status": "failed", "statusDetails": {"message": "AssertionError: Test Failed! Should not have saved an empty subtask\n", "trace": "  File \"/Users/sudippudasaini/Apps/behaveAvenueCode/venv/lib/python3.11/site-packages/behave/model.py\", line 1329, in run\n    match.run(runner.context)\n  File \"/Users/sudippudasaini/Apps/behaveAvenueCode/venv/lib/python3.11/site-packages/behave/matchers.py\", line 98, in run\n    self.func(context, *args, **kwargs)\n  File \"features/steps/subtasks.py\", line 76, in verify_empty_subtask\n    assert False, \"Test Failed! Should not have saved an empty subtask\"\n"}, "steps": [{"name": "Given I am logged in with \"sudip_pudasaini@hotmail.com\" and password \"assessmentqa\"", "status": "passed", "start": 1674801478448, "stop": 1674801481952}, {"name": "And I land on my tasks page", "status": "passed", "start": 1674801481952, "stop": 1674801481970}, {"name": "When a task is added", "status": "passed", "start": 1674801481970, "stop": 1674801481992}, {"name": "When I click on manage subtasks button", "status": "passed", "start": 1674801481992, "stop": 1674801487272}, {"name": "And I wipe out the default date value", "status": "passed", "start": 1674801487273, "stop": 1674801487348}, {"name": "And enter \"@#$!@#!@#!@#\" on due date field", "status": "passed", "start": 1674801487348, "stop": 1674801487416}, {"name": "And I click on add subtask button", "status": "passed", "start": 1674801487416, "stop": 1674801487501}, {"name": "Then I should not see an empty subtask getting added", "status": "failed", "statusDetails": {"message": "AssertionError: Test Failed! Should not have saved an empty subtask\n", "trace": "  File \"/Users/sudippudasaini/Apps/behaveAvenueCode/venv/lib/python3.11/site-packages/behave/model.py\", line 1329, in run\n    match.run(runner.context)\n  File \"/Users/sudippudasaini/Apps/behaveAvenueCode/venv/lib/python3.11/site-packages/behave/matchers.py\", line 98, in run\n    self.func(context, *args, **kwargs)\n  File \"features/steps/subtasks.py\", line 76, in verify_empty_subtask\n    assert False, \"Test Failed! Should not have saved an empty subtask\"\n"}, "start": 1674801487501, "stop": 1674801487564}], "parameters": [{"name": "value", "value": "@#$!@#!@#!@#"}], "start": 1674801468469, "stop": 1674801487727, "uuid": "e52c641f-ad6c-4daf-aa5c-97676187f172", "historyId": "c245e916ad03a43d4f423e8d951f5127", "fullName": "Manage subtasks: Due date accepts only date value on MM/dd/yyy", "labels": [{"name": "severity", "value": "normal"}, {"name": "feature", "value": "Manage subtasks"}, {"name": "framework", "value": "behave"}, {"name": "language", "value": "cpython3"}]}