{"name": "Due date accepts only date value on MM/dd/yyy -- @1.1 ", "status": "failed", "statusDetails": {"message": "AssertionError: Test Failed! Should not have saved an empty subtask\n", "trace": "  File \"/Users/sudippudasaini/Apps/behaveAvenueCode/venv/lib/python3.11/site-packages/behave/model.py\", line 1329, in run\n    match.run(runner.context)\n  File \"/Users/sudippudasaini/Apps/behaveAvenueCode/venv/lib/python3.11/site-packages/behave/matchers.py\", line 98, in run\n    self.func(context, *args, **kwargs)\n  File \"features/steps/subtasks.py\", line 76, in verify_empty_subtask\n    assert False, \"Test Failed! Should not have saved an empty subtask\"\n"}, "steps": [{"name": "Given I am logged in with \"sudip_pudasaini@hotmail.com\" and password \"assessmentqa\"", "status": "passed", "start": 1674801459217, "stop": 1674801462679}, {"name": "And I land on my tasks page", "status": "passed", "start": 1674801462679, "stop": 1674801462697}, {"name": "When a task is added", "status": "passed", "start": 1674801462697, "stop": 1674801462721}, {"name": "When I click on manage subtasks button", "status": "passed", "start": 1674801462721, "stop": 1674801467997}, {"name": "And I wipe out the default date value", "status": "passed", "start": 1674801467998, "stop": 1674801468065}, {"name": "And enter \"asd fads f\" on due date field", "status": "passed", "start": 1674801468065, "stop": 1674801468139}, {"name": "And I click on add subtask button", "status": "passed", "start": 1674801468139, "stop": 1674801468218}, {"name": "Then I should not see an empty subtask getting added", "status": "failed", "statusDetails": {"message": "AssertionError: Test Failed! Should not have saved an empty subtask\n", "trace": "  File \"/Users/sudippudasaini/Apps/behaveAvenueCode/venv/lib/python3.11/site-packages/behave/model.py\", line 1329, in run\n    match.run(runner.context)\n  File \"/Users/sudippudasaini/Apps/behaveAvenueCode/venv/lib/python3.11/site-packages/behave/matchers.py\", line 98, in run\n    self.func(context, *args, **kwargs)\n  File \"features/steps/subtasks.py\", line 76, in verify_empty_subtask\n    assert False, \"Test Failed! Should not have saved an empty subtask\"\n"}, "start": 1674801468218, "stop": 1674801468298}], "parameters": [{"name": "value", "value": "asd fads f"}], "start": 1674801449942, "stop": 1674801468468, "uuid": "e7f0fc6d-60ac-4860-8468-3f50c34d1f4a", "historyId": "031cbf0f1e30794b29d0e387a6992cac", "fullName": "Manage subtasks: Due date accepts only date value on MM/dd/yyy", "labels": [{"name": "severity", "value": "normal"}, {"name": "feature", "value": "Manage subtasks"}, {"name": "framework", "value": "behave"}, {"name": "language", "value": "cpython3"}]}