{"name": "Task must have minimum 3 characters", "status": "failed", "statusDetails": {"message": "AssertionError: Test Failed! Minimum 3 characters required to add task!\n", "trace": "  File \"/Library/Frameworks/Python.framework/Versions/3.11/lib/python3.11/site-packages/behave/model.py\", line 1329, in run\n    match.run(runner.context)\n  File \"/Library/Frameworks/Python.framework/Versions/3.11/lib/python3.11/site-packages/behave/matchers.py\", line 98, in run\n    self.func(context, *args, **kwargs)\n  File \"features/steps/mytasks.py\", line 86, in verify_task_added\n    assert False, \"Test Failed! Minimum 3 characters required to add task!\"\n"}, "steps": [{"name": "Given I launch the browser", "status": "passed", "start": 1674673318981, "stop": 1674673320195}, {"name": "And login with \"sudip_pudasaini@hotmail.com\" and password \"assessmentqa\"", "status": "passed", "start": 1674673320195, "stop": 1674673331571}, {"name": "And I land on my tasks page", "status": "passed", "start": 1674673331572, "stop": 1674673331585}, {"name": "And tasks input field is displayed", "status": "passed", "start": 1674673331586, "stop": 1674673336604}, {"name": "And create a task button is displayed", "status": "passed", "start": 1674673336604, "stop": 1674673336614}, {"name": "When I type \"a\" in tasks input field", "status": "passed", "start": 1674673336614, "stop": 1674673336638}, {"name": "And click on the add button", "status": "passed", "start": 1674673336638, "stop": 1674673336660}, {"name": "Then I should not see the task getting added with less than 3 characters", "status": "failed", "statusDetails": {"message": "AssertionError: Test Failed! Minimum 3 characters required to add task!\n", "trace": "  File \"/Library/Frameworks/Python.framework/Versions/3.11/lib/python3.11/site-packages/behave/model.py\", line 1329, in run\n    match.run(runner.context)\n  File \"/Library/Frameworks/Python.framework/Versions/3.11/lib/python3.11/site-packages/behave/matchers.py\", line 98, in run\n    self.func(context, *args, **kwargs)\n  File \"features/steps/mytasks.py\", line 86, in verify_task_added\n    assert False, \"Test Failed! Minimum 3 characters required to add task!\"\n"}, "start": 1674673336660, "stop": 1674673336672}], "start": 1674673318981, "stop": 1674673336727, "uuid": "53271983-fd4f-487c-b013-2dd775af30d4", "historyId": "699f06b07ec7fb1c9412e1306af56919", "fullName": "Create tasks: Task must have minimum 3 characters", "labels": [{"name": "severity", "value": "normal"}, {"name": "feature", "value": "Create tasks"}, {"name": "framework", "value": "behave"}, {"name": "language", "value": "cpython3"}]}